# outliers picked by smoothing for column 14 of
# lcm_msct_g_hatp12_170124_t1_c23_r28-36.bjd.dat
# with nsmooth=11 and sigma_cut=4
MSCL0_1701240141
MSCL0_1701240142
MSCL0_1701240143
MSCL0_1701240112
MSCL0_1701240144
MSCL0_1701240065
MSCL0_1701240109
MSCL0_1701240113
MSCL0_1701240114
MSCL0_1701240110
MSCL0_1701240111
MSCL0_1701240140
MSCL0_1701240108
MSCL0_1701240137
MSCL0_1701240139
MSCL0_1701240164
MSCL0_1701240117
MSCL0_1701240118
MSCL0_1701240129
MSCL0_1701240136
MSCL0_1701240115
MSCL0_1701240120
MSCL0_1701240061
# outliers picked by smoothing for column 4 of
# lcm_msct_g_hatp12_170124_t1_c23_r28-36.bjd.cut.dat
# with nsmooth=11 and sigma_cut=9
MSCL0_1701240142
