# outliers picked by smoothing for column 14 of
# lcm_msct_r_hatp12_170124_t1_c23_r28-36.bjd.dat
# with nsmooth=21 and sigma_cut=4
MSCL1_1701240290
MSCL1_1701240292
MSCL1_1701240206
MSCL1_1701240212
MSCL1_1701240289
MSCL1_1701240291
MSCL1_1701240293
MSCL1_1701240294
MSCL1_1701240295
MSCL1_1701240296
MSCL1_1701240089
MSCL1_1701240205
MSCL1_1701240207
MSCL1_1701240213
MSCL1_1701240216
MSCL1_1701240217
MSCL1_1701240286
MSCL1_1701240297
MSCL1_1701240298
MSCL1_1701240211
MSCL1_1701240214
MSCL1_1701240215
MSCL1_1701240218
MSCL1_1701240219
MSCL1_1701240227
MSCL1_1701240285
MSCL1_1701240351
MSCL1_1701240087
MSCL1_1701240088
MSCL1_1701240203
MSCL1_1701240204
MSCL1_1701240210
MSCL1_1701240228
MSCL1_1701240258
MSCL1_1701240276
MSCL1_1701240278
MSCL1_1701240279
MSCL1_1701240299
MSCL1_1701240350
MSCL1_1701240079
MSCL1_1701240202
MSCL1_1701240209
MSCL1_1701240220
MSCL1_1701240229
MSCL1_1701240234
MSCL1_1701240259
MSCL1_1701240277
MSCL1_1701240283
MSCL1_1701240288
MSCL1_1701240208
MSCL1_1701240221
MSCL1_1701240226
MSCL1_1701240233
MSCL1_1701240265
MSCL1_1701240275
MSCL1_1701240284
MSCL1_1701240274
MSCL1_1701240282
MSCL1_1701240327
MSCL1_1701240253
MSCL1_1701240257
MSCL1_1701240328
# outliers picked by smoothing for column 4 of
# lcm_msct_r_hatp12_170124_t1_c23_r28-36.bjd.cut.dat
# with nsmooth=11 and sigma_cut=7
MSCL1_1701240290
MSCL1_1701240292
MSCL1_1701240291
MSCL1_1701240293
