# outliers picked by smoothing for column 14 of
# lcm_msct_z_hatp12_170124_t1_c23_r28-36.bjd.dat
# with nsmooth=11 and sigma_cut=4
MSCL2_1701240158
MSCL2_1701240159
MSCL2_1701240160
MSCL2_1701240161
MSCL2_1701240120
MSCL2_1701240123
MSCL2_1701240125
MSCL2_1701240068
MSCL2_1701240124
MSCL2_1701240126
MSCL2_1701240156
MSCL2_1701240162
MSCL2_1701240119
MSCL2_1701240121
MSCL2_1701240122
MSCL2_1701240130
MSCL2_1701240185
MSCL2_1701240067
MSCL2_1701240144
MSCL2_1701240152
MSCL2_1701240153
MSCL2_1701240157
MSCL2_1701240063
MSCL2_1701240133
MSCL2_1701240155
MSCL2_1701240127
MSCL2_1701240151
MSCL2_1701240118
MSCL2_1701240175
MSCL2_1701240154
# outliers picked by smoothing for column 4 of
# lcf_msct_z_hatp12_170124_t1_c23_r28-36.bjd.dat
# with nsmooth=11 and sigma_cut=4
MSCL2_1701240158
MSCL2_1701240159
MSCL2_1701240161
MSCL2_1701240162
MSCL2_1701240160
